0 info it worked if it ends with ok
1 verbose cli [ 'D:\\Program Files\\nodejs\\node.exe',
1 verbose cli   'D:\\Program Files\\nodejs\\node_modules\\npm\\bin\\npm-cli.js',
1 verbose cli   'run',
1 verbose cli   'dev' ]
2 info using npm@3.9.3
3 info using node@v6.2.0
4 verbose run-script [ 'predev', 'dev', 'postdev' ]
5 info lifecycle pw-fe-project@1.0.0~predev: pw-fe-project@1.0.0
6 silly lifecycle pw-fe-project@1.0.0~predev: no script for predev, continuing
7 info lifecycle pw-fe-project@1.0.0~dev: pw-fe-project@1.0.0
8 verbose lifecycle pw-fe-project@1.0.0~dev: unsafe-perm in lifecycle true
9 verbose lifecycle pw-fe-project@1.0.0~dev: PATH: D:\Program Files\nodejs\node_modules\npm\bin\node-gyp-bin;D:\wamp\www\maonimaAccount\node_modules\.bin;D:\Program Files\nodejs;C:\Users\zj\bin;D:\Program Files (x86)\Git\mingw32\bin;D:\Program Files (x86)\Git\usr\local\bin;D:\Program Files (x86)\Git\usr\bin;D:\Program Files (x86)\Git\usr\bin;D:\Program Files (x86)\Git\mingw32\bin;D:\Program Files (x86)\Git\usr\bin;C:\Users\zj\bin;C:\Windows\system32;C:\Windows;C:\Windows\System32\Wbem;C:\Windows\System32\WindowsPowerShell\v1.0;C:\Program Files (x86)\NVIDIA Corporation\PhysX\Common;C:\Program Files (x86)\GtkSharp\2.12\bin;D:\Program Files\nodejs;C:\Users\zj\AppData\Local\Programs\Python\Python35;C:\Users\zj\AppData\Roaming\npm;D:\Program Files (x86)\Microsoft VS Code\bin;D:\Program Files (x86)\Git\usr\bin\vendor_perl;D:\Program Files (x86)\Git\usr\bin\core_perl
10 verbose lifecycle pw-fe-project@1.0.0~dev: CWD: D:\wamp\www\maonimaAccount
11 silly lifecycle pw-fe-project@1.0.0~dev: Args: [ '/d /s /c', 'gulp dev' ]
12 silly lifecycle pw-fe-project@1.0.0~dev: Returned: code: 1  signal: null
13 info lifecycle pw-fe-project@1.0.0~dev: Failed to exec dev script
14 verbose stack Error: pw-fe-project@1.0.0 dev: `gulp dev`
14 verbose stack Exit status 1
14 verbose stack     at EventEmitter.<anonymous> (D:\Program Files\nodejs\node_modules\npm\lib\utils\lifecycle.js:245:16)
14 verbose stack     at emitTwo (events.js:106:13)
14 verbose stack     at EventEmitter.emit (events.js:191:7)
14 verbose stack     at ChildProcess.<anonymous> (D:\Program Files\nodejs\node_modules\npm\lib\utils\spawn.js:24:14)
14 verbose stack     at emitTwo (events.js:106:13)
14 verbose stack     at ChildProcess.emit (events.js:191:7)
14 verbose stack     at maybeClose (internal/child_process.js:850:16)
14 verbose stack     at Process.ChildProcess._handle.onexit (internal/child_process.js:215:5)
15 verbose pkgid pw-fe-project@1.0.0
16 verbose cwd D:\wamp\www\maonimaAccount
17 error Windows_NT 6.1.7601
18 error argv "D:\\Program Files\\nodejs\\node.exe" "D:\\Program Files\\nodejs\\node_modules\\npm\\bin\\npm-cli.js" "run" "dev"
19 error node v6.2.0
20 error npm  v3.9.3
21 error code ELIFECYCLE
22 error pw-fe-project@1.0.0 dev: `gulp dev`
22 error Exit status 1
23 error Failed at the pw-fe-project@1.0.0 dev script 'gulp dev'.
23 error Make sure you have the latest version of node.js and npm installed.
23 error If you do, this is most likely a problem with the pw-fe-project package,
23 error not with npm itself.
23 error Tell the author that this fails on your system:
23 error     gulp dev
23 error You can get information on how to open an issue for this project with:
23 error     npm bugs pw-fe-project
23 error Or if that isn't available, you can get their info via:
23 error     npm owner ls pw-fe-project
23 error There is likely additional logging output above.
24 verbose exit [ 1, true ]
